<?xml version="1.0" encoding="UTF-8"?>
<testsuite xmlns:xsi="http://www.w3.org/2001/XMLSchema-instance" xsi:noNamespaceSchemaLocation="https://maven.apache.org/surefire/maven-surefire-plugin/xsd/surefire-test-report.xsd" name="com.testcomp.employee.controller.EmployeeControllerTest" time="36.978" tests="6" errors="0" skipped="0" failures="0">
  <properties>
[...]
</properties>
  <testcase name="testDeleteEmployee" classname="com.testcomp.employee.controller.EmployeeControllerTest" time="0.325"/>
  <testcase name="testCreateEmployeeWithNoFirstName" classname="com.testcomp.employee.controller.EmployeeControllerTest" time="0.38"/>
  <testcase name="testGetEmployeeById" classname="com.testcomp.employee.controller.EmployeeControllerTest" time="0.058"/>
  <testcase name="testUpdateEmployee" classname="com.testcomp.employee.controller.EmployeeControllerTest" time="0.033"/>
  <testcase name="testCreateEmployee" classname="com.testcomp.employee.controller.EmployeeControllerTest" time="0.028"/>
  <testcase name="testGetAllEmployees" classname="com.testcomp.employee.controller.EmployeeControllerTest" time="0.032"/>
</testsuite>